<?xml version="1.0" encoding="UTF-8"?>
<testsuite xmlns:xsi="http://www.w3.org/2001/XMLSchema-instance" xsi:noNamespaceSchemaLocation="https://maven.apache.org/surefire/maven-surefire-plugin/xsd/surefire-test-report-3.0.xsd" version="3.0" name="com.fredvp.statisticalcalculator.SampleTest" time="0.029" tests="3" errors="0" skipped="0" failures="0">
  <properties>
[...]
</properties>
  <testcase name="testMean" classname="com.fredvp.statisticalcalculator.SampleTest" time="0.013">
    <system-out><![CDATA[ArrayList
-----------------
[1.1, 0.9, 2.0, 2.0, 2.0, 3.0, 3.0]
The entered sample is: [1.1, 0.9, 2.0, 2.0, 2.0, 3.0, 3.0]
ArrayList
-----------------
[3.0, 3.0, 4.0, 5.0, 8.0, 10.0]
The entered sample is: [3.0, 3.0, 4.0, 5.0, 8.0, 10.0]
mean test
]]></system-out>
  </testcase>
  <testcase name="testModa" classname="com.fredvp.statisticalcalculator.SampleTest" time="0.001">
    <system-out><![CDATA[moda test
max count for 3.0 is 2
max count for 1.1 is 1
max count for 2.0 is 3
]]></system-out>
  </testcase>
  <testcase name="testMedian" classname="com.fredvp.statisticalcalculator.SampleTest" time="0.001">
    <system-out><![CDATA[median test
]]></system-out>
  </testcase>
</testsuite>